2026-02-17 13:23:09,417 - INFO - Page 1: Found 0 jobs for 'Software Engineer'
2026-02-17 13:23:09,442 - INFO - No more pages for 'Software Engineer'
2026-02-17 13:23:17,566 - INFO - Page 1: Found 21 jobs for 'Software Developer'
2026-02-17 13:23:17,641 - INFO - No more pages for 'Software Developer'
2026-02-17 13:23:25,449 - INFO - Page 1: Found 0 jobs for 'Full Stack Developer'
2026-02-17 13:23:25,489 - INFO - No more pages for 'Full Stack Developer'
2026-02-17 13:23:33,844 - INFO - Page 1: Found 0 jobs for 'Backend Developer'
2026-02-17 13:23:33,905 - INFO - No more pages for 'Backend Developer'
2026-02-17 13:23:44,362 - ERROR - Error getting URLs for 'Frontend Developer': Message: invalid session id: session deleted as the browser has closed the connection
from disconnected: not connected to DevTools
  (Session info: chrome=145.0.7632.76); For documentation on this error, please visit: https://www.selenium.dev/documentation/webdriver/troubleshooting/errors#invalidsessionidexception
Stacktrace:
Symbols not available. Dumping unresolved backtrace:
	0x7ff7eeef4455
	0x7ff7eeef44b0
	0x7ff7eec8d49d
	0x7ff7eec789b2
	0x7ff7eec9ed75
	0x7ff7eed18ec0
	0x7ff7eed35072
	0x7ff7eecd8e38
	0x7ff7eecd9d23
	0x7ff7ef1c3b60
	0x7ff7ef1be3e8
	0x7ff7ef1de75a
	0x7ff7eef10805
	0x7ff7eef197ac
	0x7ff7eeefd7b4
	0x7ff7eeefd966
	0x7ff7eeee3477
	0x7ffa43107374
	0x7ffa44cbcc91

2026-02-17 13:34:26,185 - INFO - No jobs found on page 1 for 'Software Engineer'
2026-02-17 13:34:34,403 - INFO - No jobs found on page 1 for 'Software Developer'
2026-02-17 13:34:43,367 - INFO - No jobs found on page 1 for 'Full Stack Developer'
2026-02-17 13:34:52,368 - INFO - No jobs found on page 1 for 'Backend Developer'
2026-02-17 13:34:57,682 - ERROR - Error getting URLs for 'Frontend Developer': Message: invalid session id: session deleted as the browser has closed the connection
from disconnected: not connected to DevTools
  (Session info: chrome=145.0.7632.76); For documentation on this error, please visit: https://www.selenium.dev/documentation/webdriver/troubleshooting/errors#invalidsessionidexception
Stacktrace:
Symbols not available. Dumping unresolved backtrace:
	0x7ff7eeef4455
	0x7ff7eeef44b0
	0x7ff7eec8d49d
	0x7ff7eec789b2
	0x7ff7eec9ed75
	0x7ff7eed18ec0
	0x7ff7eed35072
	0x7ff7eecd8e38
	0x7ff7eecd9d23
	0x7ff7ef1c3b60
	0x7ff7ef1be3e8
	0x7ff7ef1de75a
	0x7ff7eef10805
	0x7ff7eef197ac
	0x7ff7eeefd7b4
	0x7ff7eeefd966
	0x7ff7eeee3477
	0x7ffa43107374
	0x7ffa44cbcc91

2026-02-17 13:35:01,756 - ERROR - Error getting URLs for 'IT Support': Message: invalid session id; For documentation on this error, please visit: https://www.selenium.dev/documentation/webdriver/troubleshooting/errors#invalidsessionidexception
Stacktrace:
Symbols not available. Dumping unresolved backtrace:
	0x7ff7eeef4455
	0x7ff7eeef44b0
	0x7ff7eec8d286
	0x7ff7eecd7eb3
	0x7ff7eed116d2
	0x7ff7eed0b821
	0x7ff7eed0aab3
	0x7ff7eec56295
	0x7ff7ef1c3b60
	0x7ff7ef1be3e8
	0x7ff7ef1de75a
	0x7ff7eef10805
	0x7ff7eef197ac
	0x7ff7eec550fa
	0x7ff7ef3267c8
	0x7ffa43107374
	0x7ffa44cbcc91

2026-02-17 13:35:05,435 - ERROR - Error getting URLs for 'Systems Administrator': Message: invalid session id; For documentation on this error, please visit: https://www.selenium.dev/documentation/webdriver/troubleshooting/errors#invalidsessionidexception
Stacktrace:
Symbols not available. Dumping unresolved backtrace:
	0x7ff7eeef4455
	0x7ff7eeef44b0
	0x7ff7eec8d286
	0x7ff7eecd7eb3
	0x7ff7eed116d2
	0x7ff7eed0b821
	0x7ff7eed0aab3
	0x7ff7eec56295
	0x7ff7ef1c3b60
	0x7ff7ef1be3e8
	0x7ff7ef1de75a
	0x7ff7eef10805
	0x7ff7eef197ac
	0x7ff7eec550fa
	0x7ff7ef3267c8
	0x7ffa43107374
	0x7ffa44cbcc91

2026-02-17 13:35:10,450 - ERROR - Error getting URLs for 'Network Administrator': Message: invalid session id; For documentation on this error, please visit: https://www.selenium.dev/documentation/webdriver/troubleshooting/errors#invalidsessionidexception
Stacktrace:
Symbols not available. Dumping unresolved backtrace:
	0x7ff7eeef4455
	0x7ff7eeef44b0
	0x7ff7eec8d286
	0x7ff7eecd7eb3
	0x7ff7eed116d2
	0x7ff7eed0b821
	0x7ff7eed0aab3
	0x7ff7eec56295
	0x7ff7ef1c3b60
	0x7ff7ef1be3e8
	0x7ff7ef1de75a
	0x7ff7eef10805
	0x7ff7eef197ac
	0x7ff7eec550fa
	0x7ff7ef3267c8
	0x7ffa43107374
	0x7ffa44cbcc91

2026-02-17 13:35:15,292 - ERROR - Error getting URLs for 'Database Administrator': Message: invalid session id; For documentation on this error, please visit: https://www.selenium.dev/documentation/webdriver/troubleshooting/errors#invalidsessionidexception
Stacktrace:
Symbols not available. Dumping unresolved backtrace:
	0x7ff7eeef4455
	0x7ff7eeef44b0
	0x7ff7eec8d286
	0x7ff7eecd7eb3
	0x7ff7eed116d2
	0x7ff7eed0b821
	0x7ff7eed0aab3
	0x7ff7eec56295
	0x7ff7ef1c3b60
	0x7ff7ef1be3e8
	0x7ff7ef1de75a
	0x7ff7eef10805
	0x7ff7eef197ac
	0x7ff7eec550fa
	0x7ff7ef3267c8
	0x7ffa43107374
	0x7ffa44cbcc91

2026-02-17 13:35:20,330 - ERROR - Error getting URLs for 'IT Manager': Message: invalid session id; For documentation on this error, please visit: https://www.selenium.dev/documentation/webdriver/troubleshooting/errors#invalidsessionidexception
Stacktrace:
Symbols not available. Dumping unresolved backtrace:
	0x7ff7eeef4455
	0x7ff7eeef44b0
	0x7ff7eec8d286
	0x7ff7eecd7eb3
	0x7ff7eed116d2
	0x7ff7eed0b821
	0x7ff7eed0aab3
	0x7ff7eec56295
	0x7ff7ef1c3b60
	0x7ff7ef1be3e8
	0x7ff7ef1de75a
	0x7ff7eef10805
	0x7ff7eef197ac
	0x7ff7eec550fa
	0x7ff7ef3267c8
	0x7ffa43107374
	0x7ffa44cbcc91

2026-02-17 13:35:25,315 - ERROR - Error getting URLs for 'Data Scientist': Message: invalid session id; For documentation on this error, please visit: https://www.selenium.dev/documentation/webdriver/troubleshooting/errors#invalidsessionidexception
Stacktrace:
Symbols not available. Dumping unresolved backtrace:
	0x7ff7eeef4455
	0x7ff7eeef44b0
	0x7ff7eec8d286
	0x7ff7eecd7eb3
	0x7ff7eed116d2
	0x7ff7eed0b821
	0x7ff7eed0aab3
	0x7ff7eec56295
	0x7ff7ef1c3b60
	0x7ff7ef1be3e8
	0x7ff7ef1de75a
	0x7ff7eef10805
	0x7ff7eef197ac
	0x7ff7eec550fa
	0x7ff7ef3267c8
	0x7ffa43107374
	0x7ffa44cbcc91

2026-02-17 13:35:28,371 - ERROR - Error getting URLs for 'Machine Learning Engineer': Message: invalid session id; For documentation on this error, please visit: https://www.selenium.dev/documentation/webdriver/troubleshooting/errors#invalidsessionidexception
Stacktrace:
Symbols not available. Dumping unresolved backtrace:
	0x7ff7eeef4455
	0x7ff7eeef44b0
	0x7ff7eec8d286
	0x7ff7eecd7eb3
	0x7ff7eed116d2
	0x7ff7eed0b821
	0x7ff7eed0aab3
	0x7ff7eec56295
	0x7ff7ef1c3b60
	0x7ff7ef1be3e8
	0x7ff7ef1de75a
	0x7ff7eef10805
	0x7ff7eef197ac
	0x7ff7eec550fa
	0x7ff7ef3267c8
	0x7ffa43107374
	0x7ffa44cbcc91

2026-02-17 13:35:32,105 - ERROR - Error getting URLs for 'AI Engineer': Message: invalid session id; For documentation on this error, please visit: https://www.selenium.dev/documentation/webdriver/troubleshooting/errors#invalidsessionidexception
Stacktrace:
Symbols not available. Dumping unresolved backtrace:
	0x7ff7eeef4455
	0x7ff7eeef44b0
	0x7ff7eec8d286
	0x7ff7eecd7eb3
	0x7ff7eed116d2
	0x7ff7eed0b821
	0x7ff7eed0aab3
	0x7ff7eec56295
	0x7ff7ef1c3b60
	0x7ff7ef1be3e8
	0x7ff7ef1de75a
	0x7ff7eef10805
	0x7ff7eef197ac
	0x7ff7eec550fa
	0x7ff7ef3267c8
	0x7ffa43107374
	0x7ffa44cbcc91

2026-02-17 13:35:37,103 - ERROR - Error getting URLs for 'Data Analyst': Message: invalid session id; For documentation on this error, please visit: https://www.selenium.dev/documentation/webdriver/troubleshooting/errors#invalidsessionidexception
Stacktrace:
Symbols not available. Dumping unresolved backtrace:
	0x7ff7eeef4455
	0x7ff7eeef44b0
	0x7ff7eec8d286
	0x7ff7eecd7eb3
	0x7ff7eed116d2
	0x7ff7eed0b821
	0x7ff7eed0aab3
	0x7ff7eec56295
	0x7ff7ef1c3b60
	0x7ff7ef1be3e8
	0x7ff7ef1de75a
	0x7ff7eef10805
	0x7ff7eef197ac
	0x7ff7eec550fa
	0x7ff7ef3267c8
	0x7ffa43107374
	0x7ffa44cbcc91

2026-02-17 13:35:41,296 - ERROR - Error getting URLs for 'Business Intelligence': Message: invalid session id; For documentation on this error, please visit: https://www.selenium.dev/documentation/webdriver/troubleshooting/errors#invalidsessionidexception
Stacktrace:
Symbols not available. Dumping unresolved backtrace:
	0x7ff7eeef4455
	0x7ff7eeef44b0
	0x7ff7eec8d286
	0x7ff7eecd7eb3
	0x7ff7eed116d2
	0x7ff7eed0b821
	0x7ff7eed0aab3
	0x7ff7eec56295
	0x7ff7ef1c3b60
	0x7ff7ef1be3e8
	0x7ff7ef1de75a
	0x7ff7eef10805
	0x7ff7eef197ac
	0x7ff7eec550fa
	0x7ff7ef3267c8
	0x7ffa43107374
	0x7ffa44cbcc91

2026-02-17 13:37:46,059 - INFO - Page 1: Found 20 jobs for 'Software Engineer'
2026-02-17 13:37:58,106 - WARNING - Job description not loaded for https://www.caribbeanjobs.com/Applications-Specialist-Isolation-Actuation-Job-226317.aspx
2026-02-17 13:37:58,464 - INFO - Scraped: Applications Specialist-Isolation/Actuation at None
2026-02-17 13:38:11,613 - WARNING - Job description not loaded for https://www.caribbeanjobs.com/Process-Management-Limited-A-Puffer-Jobs-612.aspx
2026-02-17 13:38:11,777 - INFO - Scraped: Process Management Limited-A Puffer Company at None
2026-02-17 13:38:26,672 - WARNING - Job description not loaded for https://www.caribbeanjobs.com/Integration-Developer-Temp-Job-227180.aspx
2026-02-17 13:38:26,998 - INFO - Scraped: Integration Developer (Temp) at None
2026-02-17 13:38:39,644 - WARNING - Job description not loaded for https://www.caribbeanjobs.com/The-Barbados-Light-Power-Company-Jobs-2392.aspx
2026-02-17 13:38:39,845 - INFO - Scraped: The Barbados Light & Power Company at None
2026-02-17 13:38:54,225 - WARNING - Job description not loaded for https://www.caribbeanjobs.com/Development-Support-Analyst-Insurance-Application-Job-227092.aspx
2026-02-17 13:38:54,327 - INFO - Scraped: Development Support Analyst – Insurance Application Services at None
2026-02-17 13:39:08,290 - WARNING - Job description not loaded for https://www.caribbeanjobs.com/Sagicor-Group-Jamaica-Ltd-Jobs-310.aspx
2026-02-17 13:39:08,343 - INFO - Scraped: Sagicor Group Jamaica Ltd. at None
2026-02-17 13:39:22,956 - WARNING - Job description not loaded for https://www.caribbeanjobs.com/Lead-Software-Quality-Assurance-Analyst-Job-227093.aspx
2026-02-17 13:39:23,040 - INFO - Scraped: Lead - Software Quality Assurance Analyst at None
2026-02-17 13:39:36,904 - WARNING - Job description not loaded for https://www.caribbeanjobs.com/Project-Manager-Job-226796.aspx
2026-02-17 13:39:36,983 - INFO - Scraped: Project Manager at None
2026-02-17 13:39:49,694 - WARNING - Job description not loaded for https://www.caribbeanjobs.com/National-Commercial-Bank-of-Anguilla-Jobs-2454.aspx
2026-02-17 13:39:49,739 - INFO - Scraped: National Commercial Bank of Anguilla at None
2026-02-17 13:40:03,149 - WARNING - Job description not loaded for https://www.caribbeanjobs.com/SYSTEMS-ADMINISTRATOR-MIS-IT-5-Job-226723.aspx
2026-02-17 13:40:03,222 - INFO - Scraped: SYSTEMS ADMINISTRATOR (MIS/IT 5) at None
2026-02-17 13:40:15,688 - WARNING - Job description not loaded for https://www.caribbeanjobs.com/The-Casino-Gaming-Commission-Jobs-3787.aspx
2026-02-17 13:40:15,741 - INFO - Scraped: The Casino Gaming Commission at None
2026-02-17 13:40:30,308 - WARNING - Job description not loaded for https://www.caribbeanjobs.com/DATA-ENGINEER-ANSA-McAL-LIMITED-Job-226316.aspx
2026-02-17 13:40:30,408 - INFO - Scraped: DATA ENGINEER - ANSA McAL LIMITED at None
2026-02-17 13:40:44,404 - WARNING - Job description not loaded for https://www.caribbeanjobs.com/ANSA-McAL-Group-of-Companies-Jobs-68.aspx
2026-02-17 13:40:44,555 - INFO - Scraped: ANSA McAL Group of Companies at None
2026-02-17 13:40:58,415 - WARNING - Job description not loaded for https://www.caribbeanjobs.com/CIVIL-ENGINEER-Job-226130.aspx
2026-02-17 13:40:58,498 - INFO - Scraped: CIVIL ENGINEER at None
2026-02-17 13:41:11,939 - WARNING - Job description not loaded for https://www.caribbeanjobs.com/Professional-Engineering-Services-Jobs-4881.aspx
2026-02-17 13:41:11,977 - INFO - Scraped: Professional Engineering Services at None
2026-02-17 13:41:26,244 - WARNING - Job description not loaded for https://www.caribbeanjobs.com/STRUCTURAL-ENGINEER-Job-226133.aspx
2026-02-17 13:41:26,314 - INFO - Scraped: STRUCTURAL ENGINEER at None
2026-02-17 13:41:38,110 - WARNING - Job description not loaded for https://www.caribbeanjobs.com/Project-Manager-Job-225936.aspx
2026-02-17 13:41:38,182 - INFO - Scraped: Project Manager at None
2026-02-17 13:41:51,969 - WARNING - Job description not loaded for https://www.caribbeanjobs.com/RealDecoy-Jobs-821.aspx
2026-02-17 13:41:52,012 - INFO - Scraped: RealDecoy at None
2026-02-17 13:42:02,715 - INFO - Page 1: Found 20 jobs for 'Software Developer'
2026-02-17 13:42:14,339 - WARNING - Job description not loaded for https://www.caribbeanjobs.com/Applications-Specialist-Isolation-Actuation-Job-226317.aspx
2026-02-17 13:42:14,499 - INFO - Scraped: Applications Specialist-Isolation/Actuation at None
2026-02-17 13:42:28,391 - WARNING - Job description not loaded for https://www.caribbeanjobs.com/Process-Management-Limited-A-Puffer-Jobs-612.aspx
2026-02-17 13:42:28,431 - INFO - Scraped: Process Management Limited-A Puffer Company at None
2026-02-17 13:42:41,164 - WARNING - Job description not loaded for https://www.caribbeanjobs.com/Integration-Developer-Temp-Job-227180.aspx
2026-02-17 13:42:41,227 - INFO - Scraped: Integration Developer (Temp) at None
2026-02-17 13:42:53,875 - WARNING - Job description not loaded for https://www.caribbeanjobs.com/The-Barbados-Light-Power-Company-Jobs-2392.aspx
2026-02-17 13:42:53,925 - INFO - Scraped: The Barbados Light & Power Company at None
2026-02-17 13:43:07,809 - WARNING - Job description not loaded for https://www.caribbeanjobs.com/Development-Support-Analyst-Insurance-Application-Job-227092.aspx
2026-02-17 13:43:07,988 - INFO - Scraped: Development Support Analyst – Insurance Application Services at None
2026-02-17 13:43:21,045 - WARNING - Job description not loaded for https://www.caribbeanjobs.com/Sagicor-Group-Jamaica-Ltd-Jobs-310.aspx
2026-02-17 13:43:21,147 - INFO - Scraped: Sagicor Group Jamaica Ltd. at None
2026-02-17 13:43:34,395 - WARNING - Job description not loaded for https://www.caribbeanjobs.com/DATA-ENGINEER-ANSA-McAL-LIMITED-Job-226316.aspx
2026-02-17 13:43:34,591 - INFO - Scraped: DATA ENGINEER - ANSA McAL LIMITED at None
2026-02-17 13:43:47,356 - WARNING - Job description not loaded for https://www.caribbeanjobs.com/ANSA-McAL-Group-of-Companies-Jobs-68.aspx
2026-02-17 13:43:47,501 - INFO - Scraped: ANSA McAL Group of Companies at None
2026-02-17 13:44:01,811 - WARNING - Job description not loaded for https://www.caribbeanjobs.com/Lead-Software-Quality-Assurance-Analyst-Job-227093.aspx
2026-02-17 13:44:01,944 - INFO - Scraped: Lead - Software Quality Assurance Analyst at None
2026-02-17 13:44:16,407 - WARNING - Job description not loaded for https://www.caribbeanjobs.com/Project-Manager-Job-226796.aspx
2026-02-17 13:44:16,496 - INFO - Scraped: Project Manager at None
2026-02-17 13:44:29,539 - WARNING - Job description not loaded for https://www.caribbeanjobs.com/National-Commercial-Bank-of-Anguilla-Jobs-2454.aspx
2026-02-17 13:44:29,604 - INFO - Scraped: National Commercial Bank of Anguilla at None
2026-02-17 13:44:43,716 - WARNING - Job description not loaded for https://www.caribbeanjobs.com/SYSTEMS-ADMINISTRATOR-MIS-IT-5-Job-226723.aspx
2026-02-17 13:44:43,863 - INFO - Scraped: SYSTEMS ADMINISTRATOR (MIS/IT 5) at None
2026-02-17 13:44:56,959 - WARNING - Job description not loaded for https://www.caribbeanjobs.com/The-Casino-Gaming-Commission-Jobs-3787.aspx
2026-02-17 13:44:57,028 - INFO - Scraped: The Casino Gaming Commission at None
2026-02-17 13:45:11,704 - WARNING - Job description not loaded for https://www.caribbeanjobs.com/CIVIL-ENGINEER-Job-226130.aspx
2026-02-17 13:45:11,792 - INFO - Scraped: CIVIL ENGINEER at None
2026-02-17 13:45:24,481 - WARNING - Job description not loaded for https://www.caribbeanjobs.com/Professional-Engineering-Services-Jobs-4881.aspx
2026-02-17 13:45:24,540 - INFO - Scraped: Professional Engineering Services at None
2026-02-17 13:45:38,116 - WARNING - Job description not loaded for https://www.caribbeanjobs.com/STRUCTURAL-ENGINEER-Job-226133.aspx
2026-02-17 13:45:38,239 - INFO - Scraped: STRUCTURAL ENGINEER at None
2026-02-17 13:45:52,158 - WARNING - Job description not loaded for https://www.caribbeanjobs.com/Project-Manager-Job-225936.aspx
2026-02-17 13:45:52,278 - INFO - Scraped: Project Manager at None
2026-02-17 13:46:05,619 - WARNING - Job description not loaded for https://www.caribbeanjobs.com/RealDecoy-Jobs-821.aspx
2026-02-17 13:46:05,665 - INFO - Scraped: RealDecoy at None
2026-02-17 13:46:16,699 - INFO - Page 1: No jobs found for 'Full Stack Developer'
2026-02-17 13:46:25,826 - INFO - Page 1: No jobs found for 'Backend Developer'
2026-02-17 13:46:36,219 - INFO - Page 1: No jobs found for 'Frontend Developer'
2026-02-17 13:46:44,168 - INFO - Page 1: Found 17 jobs for 'IT Support'
2026-02-17 13:46:56,320 - WARNING - Job description not loaded for https://www.caribbeanjobs.com/ICT-Technician-Job-227125.aspx
2026-02-17 13:46:56,642 - INFO - Scraped: ICT Technician at None
2026-02-17 13:47:09,917 - WARNING - Job description not loaded for https://www.caribbeanjobs.com/Jamaica-Tertiary-Education-Commission-Jobs-5741.aspx
2026-02-17 13:47:10,004 - INFO - Scraped: Jamaica Tertiary Education Commission at None
2026-02-17 13:47:23,676 - WARNING - Job description not loaded for https://www.caribbeanjobs.com/Development-Support-Analyst-Insurance-Application-Job-227092.aspx
2026-02-17 13:47:23,787 - INFO - Scraped: Development Support Analyst – Insurance Application Services at None
2026-02-17 13:47:36,885 - WARNING - Job description not loaded for https://www.caribbeanjobs.com/Sagicor-Group-Jamaica-Ltd-Jobs-310.aspx
2026-02-17 13:47:36,939 - INFO - Scraped: Sagicor Group Jamaica Ltd. at None
2026-02-17 13:47:50,908 - WARNING - Job description not loaded for https://www.caribbeanjobs.com/I-T-Technician-Job-226730.aspx
2026-02-17 13:47:51,043 - INFO - Scraped: I.T. Technician at None
2026-02-17 13:48:04,268 - WARNING - Job description not loaded for https://www.caribbeanjobs.com/CrewsInn-Hotel-Yachting-Centre-Jobs-278.aspx
2026-02-17 13:48:04,312 - INFO - Scraped: CrewsInn Hotel & Yachting Centre at None
2026-02-17 13:48:18,573 - WARNING - Job description not loaded for https://www.caribbeanjobs.com/Sales-Representatives-IT-Tech-Job-226408.aspx
2026-02-17 13:48:18,663 - INFO - Scraped: Sales Representatives,  IT Tech. at None
2026-02-17 13:48:31,403 - WARNING - Job description not loaded for https://www.caribbeanjobs.com/Call-Center-Pros-Jobs-4093.aspx
2026-02-17 13:48:31,492 - INFO - Scraped: Call Center Pros at None
2026-02-17 13:48:44,356 - WARNING - Job description not loaded for https://www.caribbeanjobs.com/IT-Assistant-Job-225983.aspx
2026-02-17 13:48:44,432 - INFO - Scraped: IT Assistant at None
2026-02-17 13:48:58,331 - WARNING - Job description not loaded for https://www.caribbeanjobs.com/Blue-Diamond-Resorts-Jobs-5236.aspx
2026-02-17 13:48:58,390 - INFO - Scraped: Blue Diamond Resorts at None
2026-02-17 13:49:00,272 - ERROR - Error scraping https://www.caribbeanjobs.com/IT-Field-Support-Technician-Job-227158.aspx: Message: invalid session id: session deleted as the browser has closed the connection
from disconnected: not connected to DevTools
  (Session info: chrome=145.0.7632.76); For documentation on this error, please visit: https://www.selenium.dev/documentation/webdriver/troubleshooting/errors#invalidsessionidexception
Stacktrace:
Symbols not available. Dumping unresolved backtrace:
	0x7ff7eeef4455
	0x7ff7eeef44b0
	0x7ff7eec8d49d
	0x7ff7eec789b2
	0x7ff7eec9ed75
	0x7ff7eed18ec0
	0x7ff7eed35072
	0x7ff7eecd8e38
	0x7ff7eecd9d23
	0x7ff7ef1c3b60
	0x7ff7ef1be3e8
	0x7ff7ef1de75a
	0x7ff7eef10805
	0x7ff7eef197ac
	0x7ff7eeefd7b4
	0x7ff7eeefd966
	0x7ff7eeee3477
	0x7ffa43107374
	0x7ffa44cbcc91

2026-02-17 13:49:02,100 - ERROR - Error scraping https://www.caribbeanjobs.com/Chief-Operations-Officer-at-Apex-Job-227174.aspx: Message: invalid session id; For documentation on this error, please visit: https://www.selenium.dev/documentation/webdriver/troubleshooting/errors#invalidsessionidexception
Stacktrace:
Symbols not available. Dumping unresolved backtrace:
	0x7ff7eeef4455
	0x7ff7eeef44b0
	0x7ff7eec8d286
	0x7ff7eecd7eb3
	0x7ff7eed116d2
	0x7ff7eed0b821
	0x7ff7eed0aab3
	0x7ff7eec56295
	0x7ff7ef1c3b60
	0x7ff7ef1be3e8
	0x7ff7ef1de75a
	0x7ff7eef10805
	0x7ff7eef197ac
	0x7ff7eec550fa
	0x7ff7ef3267c8
	0x7ffa43107374
	0x7ffa44cbcc91

2026-02-17 13:49:18,315 - INFO - Page 1: Found 20 jobs for 'Software Engineer'
2026-02-17 13:49:19,990 - INFO - Scraped: Applications Specialist-Isolation/Actuation at Popular Locations
2026-02-17 13:49:22,663 - INFO - Scraped: Process Management Limited-A Puffer Company at Popular Locations
2026-02-17 13:49:24,937 - INFO - Scraped: Integration Developer (Temp) at Popular Locations
2026-02-17 13:49:27,080 - INFO - Scraped: The Barbados Light & Power Company at Popular Locations
2026-02-17 13:49:30,016 - INFO - Scraped: Development Support Analyst – Insurance Application Services at Popular Locations
2026-02-17 13:49:32,861 - INFO - Scraped: Sagicor Group Jamaica Ltd. at Popular Locations
2026-02-17 13:49:37,412 - INFO - Scraped: Lead - Software Quality Assurance Analyst at Popular Locations
2026-02-17 13:49:40,234 - INFO - Scraped: Project Manager at Popular Locations
2026-02-17 13:49:44,382 - INFO - Scraped: National Commercial Bank of Anguilla at Popular Locations
2026-02-17 13:49:47,143 - INFO - Scraped: SYSTEMS ADMINISTRATOR (MIS/IT 5) at Popular Locations
2026-02-17 13:49:50,486 - INFO - Scraped: The Casino Gaming Commission at Popular Locations
2026-02-17 13:49:54,620 - INFO - Scraped: DATA ENGINEER - ANSA McAL LIMITED at Popular Locations
2026-02-17 13:49:59,110 - INFO - Scraped: ANSA McAL Group of Companies at Popular Locations
2026-02-17 13:50:02,424 - INFO - Scraped: CIVIL ENGINEER at Popular Locations
2026-02-17 13:50:06,528 - INFO - Scraped: Professional Engineering Services at Popular Locations
2026-02-17 13:50:10,550 - INFO - Scraped: STRUCTURAL ENGINEER at Popular Locations
2026-02-17 13:50:13,761 - INFO - Scraped: Project Manager at Popular Locations
2026-02-17 13:50:16,455 - INFO - Scraped: RealDecoy at Popular Locations
2026-02-17 13:50:18,708 - INFO - Saved 18 jobs to data/raw/computer_science_software_engineer.csv
2026-02-17 13:50:27,523 - INFO - Page 1: Found 20 jobs for 'Software Developer'
2026-02-17 13:50:29,425 - INFO - Scraped: Applications Specialist-Isolation/Actuation at Popular Locations
2026-02-17 13:50:32,029 - INFO - Scraped: Process Management Limited-A Puffer Company at Popular Locations
2026-02-17 13:50:35,604 - INFO - Scraped: Integration Developer (Temp) at Popular Locations
2026-02-17 13:50:40,414 - INFO - Scraped: The Barbados Light & Power Company at Popular Locations
2026-02-17 13:50:42,847 - INFO - Scraped: Development Support Analyst – Insurance Application Services at Popular Locations
2026-02-17 13:50:45,427 - INFO - Scraped: Sagicor Group Jamaica Ltd. at Popular Locations
2026-02-17 13:50:48,238 - INFO - Scraped: DATA ENGINEER - ANSA McAL LIMITED at Popular Locations
2026-02-17 13:50:51,331 - INFO - Scraped: ANSA McAL Group of Companies at Popular Locations
2026-02-17 13:50:53,978 - INFO - Scraped: Lead - Software Quality Assurance Analyst at Popular Locations
2026-02-17 13:50:57,131 - INFO - Scraped: Project Manager at Popular Locations
2026-02-17 13:50:59,209 - INFO - Scraped: National Commercial Bank of Anguilla at Popular Locations
2026-02-17 13:51:01,439 - INFO - Scraped: SYSTEMS ADMINISTRATOR (MIS/IT 5) at Popular Locations
2026-02-17 13:51:06,036 - INFO - Scraped: The Casino Gaming Commission at Popular Locations
2026-02-17 13:51:10,314 - INFO - Scraped: CIVIL ENGINEER at Popular Locations
2026-02-17 13:51:13,949 - INFO - Scraped: Professional Engineering Services at Popular Locations
2026-02-17 13:51:18,134 - INFO - Scraped: STRUCTURAL ENGINEER at Popular Locations
2026-02-17 13:51:22,706 - INFO - Scraped: Project Manager at Popular Locations
2026-02-17 13:51:26,117 - INFO - Scraped: RealDecoy at Popular Locations
2026-02-17 13:51:28,093 - INFO - Saved 18 jobs to data/raw/computer_science_software_developer.csv
2026-02-17 13:51:36,175 - INFO - Page 1: No jobs found for 'Full Stack Developer'
2026-02-17 13:51:45,433 - INFO - Page 1: No jobs found for 'Backend Developer'
2026-02-17 13:51:53,085 - INFO - Page 1: No jobs found for 'Frontend Developer'
2026-02-17 13:52:01,113 - INFO - Page 1: Found 17 jobs for 'IT Support'
2026-02-17 13:52:02,545 - INFO - Scraped: ICT Technician at Popular Locations
2026-02-17 13:52:04,837 - INFO - Scraped: Jamaica Tertiary Education Commission at Popular Locations
2026-02-17 13:52:07,735 - INFO - Scraped: Development Support Analyst – Insurance Application Services at Popular Locations
2026-02-17 13:52:10,468 - INFO - Scraped: Sagicor Group Jamaica Ltd. at Popular Locations
2026-02-17 13:52:13,278 - INFO - Scraped: I.T. Technician at Popular Locations
2026-02-17 13:52:16,960 - INFO - Scraped: CrewsInn Hotel & Yachting Centre at Popular Locations
2026-02-17 13:52:19,771 - INFO - Scraped: Sales Representatives,  IT Tech. at Popular Locations
2026-02-17 13:52:22,256 - INFO - Scraped: Call Center Pros at Popular Locations
2026-02-17 13:52:26,230 - INFO - Scraped: IT Assistant at Popular Locations
2026-02-17 13:52:28,773 - INFO - Scraped: Blue Diamond Resorts at Popular Locations
2026-02-17 13:52:33,041 - INFO - Scraped: IT Field Support Technician at Popular Locations
2026-02-17 13:52:35,241 - INFO - Scraped: Chief Operations Officer at Apex Radiology at Popular Locations
2026-02-17 13:52:37,801 - INFO - Scraped: Great People Solutions (G.P.S.) Limited at Popular Locations
2026-02-17 13:52:39,966 - INFO - Scraped: Service Desk Coordinator at Popular Locations
2026-02-17 13:52:42,280 - INFO - Scraped: BLEWSTREAM ECOSYSTEM at Popular Locations
2026-02-17 13:52:45,639 - INFO - Scraped: Junior IT Associate at Popular Locations
2026-02-17 13:52:47,649 - INFO - Saved 16 jobs to data/raw/information_technology_it_support.csv
2026-02-17 13:52:56,984 - INFO - Page 1: Found 14 jobs for 'Systems Administrator'
2026-02-17 13:52:58,577 - INFO - Scraped: SYSTEMS ADMINISTRATOR (MIS/IT 5) at Popular Locations
2026-02-17 13:53:01,970 - INFO - Scraped: The Casino Gaming Commission at Popular Locations
2026-02-17 13:53:04,917 - INFO - Scraped: Data Steward at Popular Locations
2026-02-17 13:53:08,658 - INFO - Scraped: S.M. Jaleel & Company Limited at Popular Locations
2026-02-17 13:53:12,543 - INFO - Scraped: Information Technology Specialist (Guyana) at Popular Locations
2026-02-17 13:53:15,599 - INFO - Scraped: Fund Administration Officer at Popular Locations
2026-02-17 13:53:18,650 - INFO - Scraped: Jamaica Money Market Brokers Limited(JMMB) at Popular Locations
2026-02-17 13:53:22,979 - INFO - Scraped: IT Manager at Popular Locations
2026-02-17 13:53:26,294 - INFO - Scraped: Barbados Civil Aviation Authority at Popular Locations
2026-02-17 13:53:29,675 - INFO - Scraped: Compliance IT Audit Lead (JESS) at Popular Locations
2026-02-17 13:53:32,984 - INFO - Scraped: KPMG Jamaica (JESS) at Popular Locations
2026-02-17 13:53:36,747 - INFO - Scraped: Human Resources Generalist at Popular Locations
2026-02-17 13:53:39,100 - INFO - Scraped: The Crane (Millennium Investment Ltd) at Popular Locations
2026-02-17 13:53:41,515 - INFO - Saved 13 jobs to data/raw/information_technology_systems_administrator.csv
2026-02-17 13:53:52,260 - INFO - Page 1: No jobs found for 'Network Administrator'
2026-02-17 13:54:02,905 - INFO - Page 1: Found 4 jobs for 'Database Administrator'
2026-02-17 13:54:05,544 - INFO - Scraped: Database Administrator I at Popular Locations
2026-02-17 13:54:08,696 - INFO - Scraped: Brightstar Lottery at Popular Locations
2026-02-17 13:54:11,454 - INFO - Scraped: Manager, Information & Communication Technology (ICT) at Popular Locations
2026-02-17 13:54:15,191 - INFO - Scraped: Jamaica Tertiary Education Commission at Popular Locations
2026-02-17 13:54:16,433 - INFO - Saved 4 jobs to data/raw/information_technology_database_administrator.csv
2026-02-17 13:54:25,863 - INFO - Page 1: Found 12 jobs for 'IT Manager'
2026-02-17 13:54:27,117 - INFO - Scraped: IT Manager at Popular Locations
2026-02-17 13:54:30,230 - INFO - Scraped: Barbados Civil Aviation Authority at Popular Locations
2026-02-17 13:54:33,245 - INFO - Scraped: Manager, Information & Communication Technology (ICT) at Popular Locations
2026-02-17 13:54:36,928 - INFO - Scraped: Jamaica Tertiary Education Commission at Popular Locations
2026-02-17 13:54:40,247 - INFO - Scraped: Regional Systems Manager - Eastern Region at Popular Locations
2026-02-17 13:54:42,266 - INFO - Scraped: National Irrigation Commission Ltd. at Popular Locations
2026-02-17 13:54:45,453 - INFO - Scraped: Data Privacy Manager at Popular Locations
2026-02-17 13:54:48,132 - INFO - Scraped: Planning Institute of Jamaica (PIOJ) at Popular Locations
2026-02-17 13:54:52,113 - INFO - Scraped: Service Desk Coordinator at Popular Locations
2026-02-17 13:54:55,940 - INFO - Scraped: BLEWSTREAM ECOSYSTEM at Popular Locations
2026-02-17 13:54:59,902 - INFO - Scraped: Information Technology Specialist (Guyana) at Popular Locations
2026-02-17 13:55:03,192 - INFO - Scraped: S.M. Jaleel & Company Limited at Popular Locations
2026-02-17 13:55:05,967 - INFO - Saved 12 jobs to data/raw/information_technology_it_manager.csv
2026-02-17 13:55:13,944 - INFO - Page 1: Found 2 jobs for 'Data Scientist'
2026-02-17 13:55:15,337 - INFO - Scraped: DATA ENGINEER - ANSA McAL LIMITED at Popular Locations
2026-02-17 13:55:19,252 - INFO - Scraped: ANSA McAL Group of Companies at Popular Locations
2026-02-17 13:55:20,742 - INFO - Saved 2 jobs to data/raw/ai_ml_data_scientist.csv
2026-02-17 13:55:27,785 - INFO - Page 1: No jobs found for 'Machine Learning Engineer'
2026-02-17 13:55:35,991 - INFO - Page 1: No jobs found for 'AI Engineer'
2026-02-17 13:55:46,861 - INFO - Page 1: Found 5 jobs for 'Data Analyst'
2026-02-17 13:55:48,530 - INFO - Scraped: Group Data Analyst at Popular Locations
2026-02-17 13:55:51,774 - INFO - Scraped: Data Steward at Popular Locations
2026-02-17 13:56:03,774 - INFO - Scraped: S.M. Jaleel & Company Limited at Popular Locations
2026-02-17 13:56:08,093 - INFO - Scraped: GROUP ANALYST – BUSINESS INTELLIGENCE (ACADO LIMITED) at Popular Locations
2026-02-17 13:56:11,867 - INFO - Scraped: Agostini Limited at Popular Locations
2026-02-17 13:56:14,486 - INFO - Saved 5 jobs to data/raw/ai_ml_data_analyst.csv
2026-02-17 13:56:31,139 - INFO - Page 1: Found 6 jobs for 'Business Intelligence'
2026-02-17 13:56:38,904 - INFO - Scraped: GROUP ANALYST – BUSINESS INTELLIGENCE (ACADO LIMITED) at Popular Locations
2026-02-17 13:56:42,518 - INFO - Scraped: Agostini Limited at Popular Locations
2026-02-17 13:56:46,768 - INFO - Scraped: Nationaal verkoopmanager (National Sales Manager) at Popular Locations
2026-02-17 13:56:49,721 - INFO - Scraped: Eve Anderson Recruitment Ltd at Popular Locations
2026-02-17 13:56:53,996 - INFO - Scraped: Marketing Analyst at Popular Locations
2026-02-17 13:56:57,081 - INFO - Scraped: Prestige Holdings Limited at Popular Locations
2026-02-17 13:56:58,430 - INFO - Saved 6 jobs to data/raw/ai_ml_business_intelligence.csv
2026-02-18 10:25:45,025 - INFO - Page 1: Found 18 jobs for 'Software Engineer'
2026-02-18 10:26:04,895 - INFO - Scraped: Integration Developer (Temp) at Popular Locations
2026-02-18 10:26:12,191 - INFO - Scraped: The Barbados Light & Power Company at Popular Locations
2026-02-18 10:26:16,766 - INFO - Scraped: Development Support Analyst – Insurance Application Services at Popular Locations
2026-02-18 10:26:25,732 - INFO - Scraped: Sagicor Group Jamaica Ltd. at Popular Locations
2026-02-18 10:26:30,724 - INFO - Scraped: Lead - Software Quality Assurance Analyst at Popular Locations
2026-02-18 10:26:34,889 - INFO - Scraped: Project Manager at Popular Locations
2026-02-18 10:26:39,766 - INFO - Scraped: National Commercial Bank of Anguilla at Popular Locations
2026-02-18 10:26:45,790 - INFO - Scraped: SYSTEMS ADMINISTRATOR (MIS/IT 5) at Popular Locations
2026-02-18 10:26:50,169 - INFO - Scraped: The Casino Gaming Commission at Popular Locations
2026-02-18 10:26:54,735 - INFO - Scraped: DATA ENGINEER - ANSA McAL LIMITED at Popular Locations
2026-02-18 10:27:00,773 - INFO - Scraped: ANSA McAL Group of Companies at Popular Locations
2026-02-18 10:27:04,664 - INFO - Scraped: CIVIL ENGINEER at Popular Locations
2026-02-18 10:27:07,746 - INFO - Scraped: Professional Engineering Services at Popular Locations
2026-02-18 10:27:14,880 - INFO - Scraped: STRUCTURAL ENGINEER at Popular Locations
2026-02-18 10:27:18,947 - INFO - Scraped: Project Manager at Popular Locations
2026-02-18 10:27:24,622 - INFO - Scraped: RealDecoy at Popular Locations
2026-02-18 10:27:27,429 - INFO - Saved 16 jobs to data/raw/computer_science_software_engineer.csv
2026-02-18 10:27:37,919 - INFO - Page 1: Found 18 jobs for 'Software Developer'
2026-02-18 10:27:41,930 - INFO - Scraped: Integration Developer (Temp) at Popular Locations
2026-02-18 10:27:46,125 - INFO - Scraped: The Barbados Light & Power Company at Popular Locations
2026-02-18 10:28:05,841 - INFO - Scraped: Development Support Analyst – Insurance Application Services at Popular Locations
2026-02-18 10:28:09,899 - INFO - Scraped: Sagicor Group Jamaica Ltd. at Popular Locations
2026-02-18 10:28:16,169 - INFO - Scraped: DATA ENGINEER - ANSA McAL LIMITED at Popular Locations
2026-02-18 10:28:21,276 - INFO - Scraped: ANSA McAL Group of Companies at Popular Locations
2026-02-18 10:28:27,155 - INFO - Scraped: Lead - Software Quality Assurance Analyst at Popular Locations
2026-02-18 10:28:31,195 - INFO - Scraped: Project Manager at Popular Locations
2026-02-18 10:28:34,512 - INFO - Scraped: National Commercial Bank of Anguilla at Popular Locations
2026-02-18 10:28:39,003 - INFO - Scraped: SYSTEMS ADMINISTRATOR (MIS/IT 5) at Popular Locations
2026-02-18 10:28:46,111 - INFO - Scraped: The Casino Gaming Commission at Popular Locations
2026-02-18 10:28:52,042 - INFO - Scraped: CIVIL ENGINEER at Popular Locations
2026-02-18 10:29:00,682 - INFO - Scraped: Professional Engineering Services at Popular Locations
2026-02-18 10:29:05,989 - INFO - Scraped: STRUCTURAL ENGINEER at Popular Locations
2026-02-18 10:29:10,435 - INFO - Scraped: Project Manager at Popular Locations
2026-02-18 10:29:14,812 - INFO - Scraped: RealDecoy at Popular Locations
2026-02-18 10:29:16,143 - INFO - Saved 16 jobs to data/raw/computer_science_software_developer.csv
2026-02-18 10:29:25,596 - INFO - Page 1: No jobs found for 'Backend Developer'
2026-02-18 10:29:36,920 - INFO - Page 1: No jobs found for 'Frontend Developer'
2026-02-18 10:29:44,721 - INFO - Page 1: No jobs found for 'Full Stack Developer'
2026-02-18 10:29:54,022 - INFO - Page 1: Found 4 jobs for 'Mobile Application Developer'
2026-02-18 10:30:00,004 - INFO - Scraped: Integration Developer (Temp) at Popular Locations
2026-02-18 10:30:05,431 - INFO - Scraped: The Barbados Light & Power Company at Popular Locations
2026-02-18 10:30:09,806 - INFO - Scraped: Development Support Analyst – Insurance Application Services at Popular Locations
2026-02-18 10:30:14,051 - INFO - Scraped: Sagicor Group Jamaica Ltd. at Popular Locations
2026-02-18 10:30:16,403 - INFO - Saved 4 jobs to data/raw/computer_science_mobile_application_developer.csv
2026-02-18 10:30:26,841 - INFO - Page 1: No jobs found for 'Game Developer'
2026-02-18 10:30:34,968 - INFO - Page 1: Found 2 jobs for 'Embedded Systems Engineer'
2026-02-20 10:59:48,843 - INFO - Found 19 jobs for 'Software Engineer'
2026-02-20 10:59:50,684 - INFO - Scraped: Software Engineer/ Developer
2026-02-20 10:59:56,339 - INFO - Scraped: Cloud Engineer
2026-02-20 11:00:03,317 - INFO - Scraped: Associated Brands Industries Ltd
2026-02-20 11:00:09,441 - INFO - Scraped: Integration Developer (Temp)
2026-02-20 11:00:13,015 - INFO - Scraped: The Barbados Light & Power Company
2026-02-20 11:00:19,462 - INFO - Scraped: Development Support Analyst – Insurance Application Services
2026-02-20 11:00:22,985 - INFO - Scraped: Sagicor Group Jamaica Ltd.
2026-02-20 11:00:28,265 - INFO - Scraped: Lead - Software Quality Assurance Analyst
2026-02-20 11:00:33,357 - INFO - Scraped: Project Manager
2026-02-20 11:00:37,461 - INFO - Scraped: National Commercial Bank of Anguilla
2026-02-20 11:00:44,210 - INFO - Scraped: SYSTEMS ADMINISTRATOR (MIS/IT 5)
2026-02-20 11:00:47,061 - INFO - Scraped: The Casino Gaming Commission
2026-02-20 11:00:50,207 - INFO - Scraped: DATA ENGINEER - ANSA McAL LIMITED
2026-02-20 11:00:54,150 - INFO - Scraped: ANSA McAL Group of Companies
2026-02-20 11:00:59,137 - INFO - Scraped: CIVIL ENGINEER
2026-02-20 11:01:03,090 - INFO - Scraped: Professional Engineering Services
2026-02-20 11:01:07,002 - INFO - Scraped: STRUCTURAL ENGINEER
2026-02-20 11:01:10,779 - INFO - Scraped: Project Manager
2026-02-20 11:01:15,321 - INFO - Scraped: RealDecoy
2026-02-20 11:01:25,886 - INFO - Found 19 jobs for 'Software Developer'
2026-02-20 11:01:28,275 - INFO - Scraped: Software Engineer/ Developer
2026-02-20 11:01:33,227 - INFO - Scraped: Cloud Engineer
2026-02-20 11:01:37,676 - INFO - Scraped: Associated Brands Industries Ltd
2026-02-20 11:01:43,329 - INFO - Scraped: Integration Developer (Temp)
2026-02-20 11:01:48,676 - INFO - Scraped: The Barbados Light & Power Company
2026-02-20 11:02:02,993 - INFO - Scraped: Development Support Analyst – Insurance Application Services
2026-02-20 11:02:07,557 - INFO - Scraped: Sagicor Group Jamaica Ltd.
2026-02-20 11:02:12,356 - INFO - Scraped: DATA ENGINEER - ANSA McAL LIMITED
2026-02-20 11:02:19,224 - INFO - Scraped: ANSA McAL Group of Companies
2026-02-20 11:02:30,048 - INFO - Scraped: Lead - Software Quality Assurance Analyst
2026-02-20 11:02:35,804 - INFO - Scraped: Project Manager
2026-02-20 11:02:42,620 - INFO - Scraped: National Commercial Bank of Anguilla
2026-02-20 11:02:48,465 - INFO - Scraped: SYSTEMS ADMINISTRATOR (MIS/IT 5)
2026-02-20 11:02:53,147 - INFO - Scraped: The Casino Gaming Commission
2026-02-20 11:02:59,296 - INFO - Scraped: CIVIL ENGINEER
2026-02-20 11:03:03,260 - INFO - Scraped: Professional Engineering Services
2026-02-20 11:03:21,363 - INFO - Scraped: STRUCTURAL ENGINEER
2026-02-20 11:03:25,993 - INFO - Scraped: Project Manager
2026-02-20 11:03:28,473 - INFO - Scraped: RealDecoy
2026-02-20 11:03:41,437 - INFO - No jobs found for 'Backend Developer'
2026-02-20 11:03:54,596 - INFO - No jobs found for 'Frontend Developer'
2026-02-20 11:04:04,232 - INFO - No jobs found for 'Full Stack Developer'
2026-02-20 11:04:15,344 - INFO - Found 7 jobs for 'Mobile Application Developer'
2026-02-20 11:04:17,878 - INFO - Scraped: Software Engineer/ Developer
2026-02-20 11:04:23,356 - INFO - Scraped: Cloud Engineer
2026-02-20 11:04:28,912 - INFO - Scraped: Associated Brands Industries Ltd
2026-02-20 11:04:32,299 - INFO - Scraped: Integration Developer (Temp)
2026-02-20 11:04:35,247 - INFO - Scraped: The Barbados Light & Power Company
2026-02-20 11:04:42,349 - INFO - Scraped: Development Support Analyst – Insurance Application Services
2026-02-20 11:04:45,914 - INFO - Scraped: Sagicor Group Jamaica Ltd.
2026-02-20 11:04:55,552 - INFO - No jobs found for 'Game Developer'
2026-02-20 11:05:05,627 - INFO - Found 2 jobs for 'Embedded Systems Engineer'
2026-02-20 11:05:07,486 - INFO - Scraped: JUNIOR ENGINEER - PROCESS CONTROL SYSTEMS
2026-02-20 11:05:11,348 - INFO - Scraped: Automatic & Computers Systems Ltd.
2026-02-20 11:05:21,186 - INFO - No jobs found for 'DevOps Engineer'
2026-02-20 11:05:30,872 - INFO - Found 2 jobs for 'Cloud Engineer'
2026-02-20 11:05:32,567 - INFO - Scraped: Cloud Engineer
2026-02-20 11:05:36,486 - INFO - Scraped: Associated Brands Industries Ltd
2026-02-20 11:05:47,396 - INFO - Found 13 jobs for 'IT Support Specialist'
2026-02-20 11:05:48,836 - INFO - Scraped: Sales Representatives,  IT Tech.
2026-02-20 11:05:51,314 - INFO - Scraped: Call Center Pros
2026-02-20 11:05:55,452 - INFO - Scraped: ICT Technician
2026-02-20 11:05:59,382 - INFO - Scraped: Jamaica Tertiary Education Commission
2026-02-20 11:06:09,637 - INFO - Scraped: Development Support Analyst – Insurance Application Services
2026-02-20 11:06:12,176 - INFO - Scraped: Sagicor Group Jamaica Ltd.
2026-02-20 11:06:16,553 - INFO - Scraped: I.T. Technician
2026-02-20 11:06:20,475 - INFO - Scraped: CrewsInn Hotel & Yachting Centre
2026-02-20 11:06:25,416 - INFO - Scraped: IT Assistant
2026-02-20 11:06:28,827 - INFO - Scraped: Blue Diamond Resorts
2026-02-20 11:06:33,312 - INFO - Scraped: IT Application Support Specialist
2026-02-20 11:06:36,612 - INFO - Scraped: Guardsman Group
2026-02-20 11:06:40,467 - INFO - Scraped: IT Field Support Technician
2026-02-20 11:06:53,621 - INFO - Found 13 jobs for 'Help Desk Technician'
2026-02-20 11:06:56,137 - INFO - Scraped: Sales Representatives,  IT Tech.
2026-02-20 11:06:59,972 - INFO - Scraped: Call Center Pros
2026-02-20 11:07:12,470 - INFO - Scraped: ICT Technician
2026-02-20 11:07:17,307 - INFO - Scraped: Jamaica Tertiary Education Commission
2026-02-20 11:07:21,706 - INFO - Scraped: Development Support Analyst – Insurance Application Services
2026-02-20 11:07:24,978 - INFO - Scraped: Sagicor Group Jamaica Ltd.
2026-02-20 11:07:28,107 - INFO - Scraped: I.T. Technician
2026-02-20 11:07:32,188 - INFO - Scraped: CrewsInn Hotel & Yachting Centre
2026-02-20 11:07:37,338 - INFO - Scraped: IT Assistant
2026-02-20 11:07:40,336 - INFO - Scraped: Blue Diamond Resorts
2026-02-20 11:07:50,238 - INFO - Scraped: IT Application Support Specialist
2026-02-20 11:07:53,742 - INFO - Scraped: Guardsman Group
2026-02-20 11:08:04,180 - INFO - Scraped: IT Field Support Technician
2026-02-20 11:08:18,448 - INFO - No jobs found for 'Network Administrator'
2026-02-20 11:08:28,984 - INFO - Found 11 jobs for 'System Administrator'
2026-02-20 11:08:30,769 - INFO - Scraped: SYSTEMS ADMINISTRATOR (MIS/IT 5)
2026-02-20 11:08:33,184 - INFO - Scraped: The Casino Gaming Commission
2026-02-20 11:08:38,841 - INFO - Scraped: Data Steward
2026-02-20 11:08:43,773 - INFO - Scraped: S.M. Jaleel & Company Limited
2026-02-20 11:08:47,077 - INFO - Scraped: Information Technology Specialist (Guyana)
2026-02-20 11:08:51,235 - INFO - Scraped: IT Manager
2026-02-20 11:08:55,822 - INFO - Scraped: Barbados Civil Aviation Authority
2026-02-20 11:09:00,108 - INFO - Scraped: Compliance IT Audit Lead (JESS)
2026-02-20 11:09:06,042 - INFO - Scraped: KPMG Jamaica (JESS)
2026-02-20 11:09:09,363 - INFO - Scraped: Human Resources Generalist
2026-02-20 11:09:15,038 - INFO - Scraped: The Crane (Millennium Investment Ltd)
2026-02-20 11:09:27,010 - INFO - Found 2 jobs for 'Cybersecurity Analyst'
2026-02-20 11:09:29,521 - INFO - Scraped: Security Operations Centre Analyst
2026-02-20 11:09:32,230 - INFO - Scraped: Human Resource Management Unit
2026-02-20 11:09:43,210 - INFO - Found 2 jobs for 'Information Security Analyst'
2026-02-20 11:09:46,833 - INFO - Scraped: Security Operations Centre Analyst
2026-02-20 11:09:49,498 - INFO - Scraped: Human Resource Management Unit
2026-02-20 11:10:02,304 - INFO - Found 4 jobs for 'Database Administrator'
2026-02-20 11:10:06,241 - INFO - Scraped: Database Administrator I
2026-02-20 11:10:09,702 - INFO - Scraped: Brightstar Lottery
2026-02-20 11:10:16,055 - INFO - Scraped: Manager, Information & Communication Technology (ICT)
2026-02-20 11:10:20,349 - INFO - Scraped: Jamaica Tertiary Education Commission
2026-02-20 11:10:33,815 - INFO - Found 2 jobs for 'IT Project Manager'
2026-02-20 11:10:36,525 - INFO - Scraped: Technical Service Delivery Manager (Client & Account Manager) (All Parishes)
2026-02-20 11:10:38,755 - INFO - Scraped: Influx
2026-02-20 11:10:49,717 - INFO - Found 4 jobs for 'IT Operations Analyst'
2026-02-20 11:10:51,037 - INFO - Scraped: TECHNICAL BUSINESS ANALYST (MIS/IT 5)
2026-02-20 11:10:55,722 - INFO - Scraped: The Casino Gaming Commission
2026-02-20 11:10:59,777 - INFO - Scraped: HRIS Analyst
2026-02-20 11:11:04,721 - INFO - Scraped: Centerfield
2026-02-20 11:11:14,940 - INFO - No jobs found for 'Infrastructure Engineer'
2026-02-20 11:11:21,002 - INFO - No jobs found for 'Data Scientist'
2026-02-20 11:11:29,723 - INFO - No jobs found for 'Machine Learning Engineer'
2026-02-20 11:11:38,147 - INFO - No jobs found for 'AI Engineer'
2026-02-20 11:11:47,098 - INFO - Found 5 jobs for 'Data Analyst'
2026-02-20 11:11:48,711 - INFO - Scraped: Group Data Analyst
2026-02-20 11:11:54,919 - INFO - Scraped: Data Steward
2026-02-20 11:11:59,448 - INFO - Scraped: S.M. Jaleel & Company Limited
2026-02-20 11:12:04,200 - INFO - Scraped: GROUP ANALYST – BUSINESS INTELLIGENCE (ACADO LIMITED)
2026-02-20 11:12:10,576 - INFO - Scraped: Agostini Limited
2026-02-20 11:12:22,817 - INFO - Found 2 jobs for 'Business Intelligence Analyst'
2026-02-20 11:12:25,115 - INFO - Scraped: GROUP ANALYST – BUSINESS INTELLIGENCE (ACADO LIMITED)
2026-02-20 11:12:27,300 - INFO - Scraped: Agostini Limited
2026-02-20 11:12:37,823 - INFO - No jobs found for 'NLP Engineer'
2026-02-20 11:12:48,716 - INFO - No jobs found for 'Computer Vision Engineer'
2026-02-20 11:12:59,886 - INFO - Found 2 jobs for 'Data Engineer'
2026-02-20 11:13:01,351 - INFO - Scraped: DATA ENGINEER - ANSA McAL LIMITED
2026-02-20 11:13:04,245 - INFO - Scraped: ANSA McAL Group of Companies
2026-02-20 11:13:17,380 - INFO - No jobs found for 'MLOps Engineer'
2026-02-20 11:13:27,362 - INFO - No jobs found for 'Applied Scientist'
2026-02-20 11:13:34,406 - INFO - Saved 109 total jobs to JSON
